1740941635.241428 client started (10255): version 3.4, socket /tmp/tmux-1000/default, protocol 8
1740941635.241481 on Linux 6.8.0-52-generic #53-Ubuntu SMP PREEMPT_DYNAMIC Sat Jan 11 00:06:25 UTC 2025
1740941635.241487 using libevent 2.1.12-stable poll
1740941635.241491 using ncurses 6.4 20240113
1740941635.241513 flags are 0x18010000
1740941635.241529 socket is /tmp/tmux-1000/default
1740941635.241544 trying connect
1740941635.241639 add peer 0x5aacc29b58c0: 6 ((nil))
1740941635.242203 sending message 100 to peer 0x5aacc29b58c0 (4 bytes)
1740941635.242215 sending message 111 to peer 0x5aacc29b58c0 (8 bytes)
1740941635.242219 sending message 101 to peer 0x5aacc29b58c0 (15 bytes)
1740941635.242224 sending message 109 to peer 0x5aacc29b58c0 (4 bytes)
1740941635.242228 sending message 102 to peer 0x5aacc29b58c0 (11 bytes)
1740941635.242232 sending message 108 to peer 0x5aacc29b58c0 (38 bytes)
1740941635.242237 sending message 112 to peer 0x5aacc29b58c0 (58 bytes)
1740941635.242242 sending message 112 to peer 0x5aacc29b58c0 (5 bytes)
1740941635.242246 sending message 112 to peer 0x5aacc29b58c0 (5 bytes)
1740941635.242250 sending message 112 to peer 0x5aacc29b58c0 (6 bytes)
1740941635.242254 sending message 112 to peer 0x5aacc29b58c0 (6 bytes)
1740941635.242258 sending message 112 to peer 0x5aacc29b58c0 (11 bytes)
1740941635.242263 sending message 112 to peer 0x5aacc29b58c0 (10 bytes)
1740941635.242267 sending message 112 to peer 0x5aacc29b58c0 (13 bytes)
1740941635.242271 sending message 112 to peer 0x5aacc29b58c0 (14 bytes)
1740941635.242275 sending message 112 to peer 0x5aacc29b58c0 (19 bytes)
1740941635.242279 sending message 112 to peer 0x5aacc29b58c0 (11 bytes)
1740941635.242283 sending message 112 to peer 0x5aacc29b58c0 (10 bytes)
1740941635.242287 sending message 112 to peer 0x5aacc29b58c0 (15 bytes)
1740941635.242291 sending message 112 to peer 0x5aacc29b58c0 (21 bytes)
1740941635.242295 sending message 112 to peer 0x5aacc29b58c0 (13 bytes)
1740941635.242299 sending message 112 to peer 0x5aacc29b58c0 (7 bytes)
1740941635.242303 sending message 112 to peer 0x5aacc29b58c0 (13 bytes)
1740941635.242307 sending message 112 to peer 0x5aacc29b58c0 (7 bytes)
1740941635.242311 sending message 112 to peer 0x5aacc29b58c0 (13 bytes)
1740941635.242315 sending message 112 to peer 0x5aacc29b58c0 (9 bytes)
1740941635.242319 sending message 112 to peer 0x5aacc29b58c0 (21 bytes)
1740941635.242323 sending message 112 to peer 0x5aacc29b58c0 (13 bytes)
1740941635.242327 sending message 112 to peer 0x5aacc29b58c0 (9 bytes)
1740941635.242331 sending message 112 to peer 0x5aacc29b58c0 (16 bytes)
1740941635.242335 sending message 112 to peer 0x5aacc29b58c0 (13 bytes)
1740941635.242339 sending message 112 to peer 0x5aacc29b58c0 (9 bytes)
1740941635.242343 sending message 112 to peer 0x5aacc29b58c0 (9 bytes)
1740941635.242347 sending message 112 to peer 0x5aacc29b58c0 (12 bytes)
1740941635.242351 sending message 112 to peer 0x5aacc29b58c0 (8 bytes)
1740941635.242355 sending message 112 to peer 0x5aacc29b58c0 (8 bytes)
1740941635.242360 sending message 112 to peer 0x5aacc29b58c0 (13 bytes)
1740941635.242364 sending message 112 to peer 0x5aacc29b58c0 (7 bytes)
1740941635.242367 sending message 112 to peer 0x5aacc29b58c0 (7 bytes)
1740941635.242371 sending message 112 to peer 0x5aacc29b58c0 (9 bytes)
1740941635.242375 sending message 112 to peer 0x5aacc29b58c0 (9 bytes)
1740941635.242380 sending message 112 to peer 0x5aacc29b58c0 (15 bytes)
1740941635.242384 sending message 112 to peer 0x5aacc29b58c0 (13 bytes)
1740941635.242388 sending message 112 to peer 0x5aacc29b58c0 (12 bytes)
1740941635.242392 sending message 112 to peer 0x5aacc29b58c0 (8 bytes)
1740941635.242396 sending message 112 to peer 0x5aacc29b58c0 (14 bytes)
1740941635.242400 sending message 112 to peer 0x5aacc29b58c0 (11 bytes)
1740941635.242404 sending message 112 to peer 0x5aacc29b58c0 (9 bytes)
1740941635.242408 sending message 112 to peer 0x5aacc29b58c0 (10 bytes)
1740941635.242412 sending message 112 to peer 0x5aacc29b58c0 (10 bytes)
1740941635.242416 sending message 112 to peer 0x5aacc29b58c0 (10 bytes)
1740941635.242432 sending message 112 to peer 0x5aacc29b58c0 (10 bytes)
1740941635.242450 sending message 112 to peer 0x5aacc29b58c0 (11 bytes)
1740941635.242464 sending message 112 to peer 0x5aacc29b58c0 (12 bytes)
1740941635.242468 sending message 112 to peer 0x5aacc29b58c0 (12 bytes)
1740941635.242472 sending message 112 to peer 0x5aacc29b58c0 (12 bytes)
1740941635.242477 sending message 112 to peer 0x5aacc29b58c0 (12 bytes)
1740941635.242481 sending message 112 to peer 0x5aacc29b58c0 (12 bytes)
1740941635.242485 sending message 112 to peer 0x5aacc29b58c0 (11 bytes)
1740941635.242489 sending message 112 to peer 0x5aacc29b58c0 (11 bytes)
1740941635.242493 sending message 112 to peer 0x5aacc29b58c0 (12 bytes)
1740941635.242497 sending message 112 to peer 0x5aacc29b58c0 (12 bytes)
1740941635.242500 sending message 112 to peer 0x5aacc29b58c0 (12 bytes)
1740941635.242504 sending message 112 to peer 0x5aacc29b58c0 (12 bytes)
1740941635.242508 sending message 112 to peer 0x5aacc29b58c0 (12 bytes)
1740941635.242513 sending message 112 to peer 0x5aacc29b58c0 (9 bytes)
1740941635.242517 sending message 112 to peer 0x5aacc29b58c0 (12 bytes)
1740941635.242521 sending message 112 to peer 0x5aacc29b58c0 (13 bytes)
1740941635.242524 sending message 112 to peer 0x5aacc29b58c0 (13 bytes)
1740941635.242528 sending message 112 to peer 0x5aacc29b58c0 (13 bytes)
1740941635.242532 sending message 112 to peer 0x5aacc29b58c0 (13 bytes)
1740941635.242536 sending message 112 to peer 0x5aacc29b58c0 (13 bytes)
1740941635.242540 sending message 112 to peer 0x5aacc29b58c0 (8 bytes)
1740941635.242545 sending message 112 to peer 0x5aacc29b58c0 (11 bytes)
1740941635.242549 sending message 112 to peer 0x5aacc29b58c0 (11 bytes)
1740941635.242553 sending message 112 to peer 0x5aacc29b58c0 (11 bytes)
1740941635.242557 sending message 112 to peer 0x5aacc29b58c0 (12 bytes)
1740941635.242561 sending message 112 to peer 0x5aacc29b58c0 (12 bytes)
1740941635.242565 sending message 112 to peer 0x5aacc29b58c0 (12 bytes)
1740941635.242569 sending message 112 to peer 0x5aacc29b58c0 (12 bytes)
1740941635.242573 sending message 112 to peer 0x5aacc29b58c0 (13 bytes)
1740941635.242577 sending message 112 to peer 0x5aacc29b58c0 (13 bytes)
1740941635.242581 sending message 112 to peer 0x5aacc29b58c0 (13 bytes)
1740941635.242585 sending message 112 to peer 0x5aacc29b58c0 (8 bytes)
1740941635.242589 sending message 112 to peer 0x5aacc29b58c0 (13 bytes)
1740941635.242593 sending message 112 to peer 0x5aacc29b58c0 (13 bytes)
1740941635.242597 sending message 112 to peer 0x5aacc29b58c0 (13 bytes)
1740941635.242601 sending message 112 to peer 0x5aacc29b58c0 (13 bytes)
1740941635.242605 sending message 112 to peer 0x5aacc29b58c0 (13 bytes)
1740941635.242609 sending message 112 to peer 0x5aacc29b58c0 (12 bytes)
1740941635.242613 sending message 112 to peer 0x5aacc29b58c0 (12 bytes)
1740941635.242617 sending message 112 to peer 0x5aacc29b58c0 (12 bytes)
1740941635.242621 sending message 112 to peer 0x5aacc29b58c0 (12 bytes)
1740941635.242625 sending message 112 to peer 0x5aacc29b58c0 (13 bytes)
1740941635.242629 sending message 112 to peer 0x5aacc29b58c0 (8 bytes)
1740941635.242633 sending message 112 to peer 0x5aacc29b58c0 (13 bytes)
1740941635.242637 sending message 112 to peer 0x5aacc29b58c0 (13 bytes)
1740941635.242641 sending message 112 to peer 0x5aacc29b58c0 (13 bytes)
1740941635.242645 sending message 112 to peer 0x5aacc29b58c0 (13 bytes)
1740941635.242650 sending message 112 to peer 0x5aacc29b58c0 (13 bytes)
1740941635.242653 sending message 112 to peer 0x5aacc29b58c0 (13 bytes)
1740941635.242657 sending message 112 to peer 0x5aacc29b58c0 (13 bytes)
1740941635.242661 sending message 112 to peer 0x5aacc29b58c0 (12 bytes)
1740941635.242665 sending message 112 to peer 0x5aacc29b58c0 (12 bytes)
1740941635.242669 sending message 112 to peer 0x5aacc29b58c0 (12 bytes)
1740941635.242673 sending message 112 to peer 0x5aacc29b58c0 (8 bytes)
1740941635.242677 sending message 112 to peer 0x5aacc29b58c0 (12 bytes)
1740941635.242682 sending message 112 to peer 0x5aacc29b58c0 (13 bytes)
1740941635.242691 sending message 112 to peer 0x5aacc29b58c0 (13 bytes)
1740941635.242695 sending message 112 to peer 0x5aacc29b58c0 (13 bytes)
1740941635.242699 sending message 112 to peer 0x5aacc29b58c0 (13 bytes)
1740941635.242703 sending message 112 to peer 0x5aacc29b58c0 (13 bytes)
1740941635.242707 sending message 112 to peer 0x5aacc29b58c0 (13 bytes)
1740941635.242711 sending message 112 to peer 0x5aacc29b58c0 (13 bytes)
1740941635.242715 sending message 112 to peer 0x5aacc29b58c0 (13 bytes)
1740941635.242719 sending message 112 to peer 0x5aacc29b58c0 (12 bytes)
1740941635.242723 sending message 112 to peer 0x5aacc29b58c0 (10 bytes)
1740941635.242727 sending message 112 to peer 0x5aacc29b58c0 (12 bytes)
1740941635.242731 sending message 112 to peer 0x5aacc29b58c0 (12 bytes)
1740941635.242735 sending message 112 to peer 0x5aacc29b58c0 (12 bytes)
1740941635.242739 sending message 112 to peer 0x5aacc29b58c0 (13 bytes)
1740941635.242744 sending message 112 to peer 0x5aacc29b58c0 (13 bytes)
1740941635.242748 sending message 112 to peer 0x5aacc29b58c0 (13 bytes)
1740941635.242752 sending message 112 to peer 0x5aacc29b58c0 (13 bytes)
1740941635.242755 sending message 112 to peer 0x5aacc29b58c0 (13 bytes)
1740941635.242759 sending message 112 to peer 0x5aacc29b58c0 (13 bytes)
1740941635.242763 sending message 112 to peer 0x5aacc29b58c0 (13 bytes)
1740941635.242767 sending message 112 to peer 0x5aacc29b58c0 (10 bytes)
1740941635.242771 sending message 112 to peer 0x5aacc29b58c0 (13 bytes)
1740941635.242775 sending message 112 to peer 0x5aacc29b58c0 (12 bytes)
1740941635.242779 sending message 112 to peer 0x5aacc29b58c0 (12 bytes)
1740941635.242783 sending message 112 to peer 0x5aacc29b58c0 (12 bytes)
1740941635.242787 sending message 112 to peer 0x5aacc29b58c0 (10 bytes)
1740941635.242791 sending message 112 to peer 0x5aacc29b58c0 (10 bytes)
1740941635.242795 sending message 112 to peer 0x5aacc29b58c0 (10 bytes)
1740941635.242799 sending message 112 to peer 0x5aacc29b58c0 (12 bytes)
1740941635.242803 sending message 112 to peer 0x5aacc29b58c0 (13 bytes)
1740941635.242807 sending message 112 to peer 0x5aacc29b58c0 (13 bytes)
1740941635.242811 sending message 112 to peer 0x5aacc29b58c0 (13 bytes)
1740941635.242815 sending message 112 to peer 0x5aacc29b58c0 (13 bytes)
1740941635.242819 sending message 112 to peer 0x5aacc29b58c0 (13 bytes)
1740941635.242823 sending message 112 to peer 0x5aacc29b58c0 (10 bytes)
1740941635.242827 sending message 112 to peer 0x5aacc29b58c0 (11 bytes)
1740941635.242831 sending message 112 to peer 0x5aacc29b58c0 (12 bytes)
1740941635.242835 sending message 112 to peer 0x5aacc29b58c0 (12 bytes)
1740941635.242839 sending message 112 to peer 0x5aacc29b58c0 (12 bytes)
1740941635.242843 sending message 112 to peer 0x5aacc29b58c0 (12 bytes)
1740941635.242847 sending message 112 to peer 0x5aacc29b58c0 (12 bytes)
1740941635.242851 sending message 112 to peer 0x5aacc29b58c0 (11 bytes)
1740941635.242855 sending message 112 to peer 0x5aacc29b58c0 (12 bytes)
1740941635.242859 sending message 112 to peer 0x5aacc29b58c0 (12 bytes)
1740941635.242863 sending message 112 to peer 0x5aacc29b58c0 (13 bytes)
1740941635.242867 sending message 112 to peer 0x5aacc29b58c0 (13 bytes)
1740941635.242871 sending message 112 to peer 0x5aacc29b58c0 (13 bytes)
1740941635.242875 sending message 112 to peer 0x5aacc29b58c0 (13 bytes)
1740941635.242879 sending message 112 to peer 0x5aacc29b58c0 (13 bytes)
1740941635.242883 sending message 112 to peer 0x5aacc29b58c0 (10 bytes)
1740941635.242887 sending message 112 to peer 0x5aacc29b58c0 (9 bytes)
1740941635.242891 sending message 112 to peer 0x5aacc29b58c0 (12 bytes)
1740941635.242895 sending message 112 to peer 0x5aacc29b58c0 (13 bytes)
1740941635.242899 sending message 112 to peer 0x5aacc29b58c0 (13 bytes)
1740941635.242903 sending message 112 to peer 0x5aacc29b58c0 (13 bytes)
1740941635.242907 sending message 112 to peer 0x5aacc29b58c0 (13 bytes)
1740941635.242911 sending message 112 to peer 0x5aacc29b58c0 (13 bytes)
1740941635.242915 sending message 112 to peer 0x5aacc29b58c0 (9 bytes)
1740941635.242923 sending message 112 to peer 0x5aacc29b58c0 (12 bytes)
1740941635.242927 sending message 112 to peer 0x5aacc29b58c0 (13 bytes)
1740941635.242931 sending message 112 to peer 0x5aacc29b58c0 (13 bytes)
1740941635.242935 sending message 112 to peer 0x5aacc29b58c0 (13 bytes)
1740941635.242939 sending message 112 to peer 0x5aacc29b58c0 (13 bytes)
1740941635.242943 sending message 112 to peer 0x5aacc29b58c0 (13 bytes)
1740941635.242947 sending message 112 to peer 0x5aacc29b58c0 (11 bytes)
1740941635.242951 sending message 112 to peer 0x5aacc29b58c0 (12 bytes)
1740941635.242955 sending message 112 to peer 0x5aacc29b58c0 (13 bytes)
1740941635.242959 sending message 112 to peer 0x5aacc29b58c0 (13 bytes)
1740941635.242963 sending message 112 to peer 0x5aacc29b58c0 (13 bytes)
1740941635.242967 sending message 112 to peer 0x5aacc29b58c0 (13 bytes)
1740941635.242971 sending message 112 to peer 0x5aacc29b58c0 (13 bytes)
1740941635.242976 sending message 112 to peer 0x5aacc29b58c0 (11 bytes)
1740941635.242980 sending message 112 to peer 0x5aacc29b58c0 (12 bytes)
1740941635.242984 sending message 112 to peer 0x5aacc29b58c0 (12 bytes)
1740941635.242988 sending message 112 to peer 0x5aacc29b58c0 (12 bytes)
1740941635.242992 sending message 112 to peer 0x5aacc29b58c0 (12 bytes)
1740941635.242996 sending message 112 to peer 0x5aacc29b58c0 (12 bytes)
1740941635.243001 sending message 112 to peer 0x5aacc29b58c0 (21 bytes)
1740941635.243005 sending message 112 to peer 0x5aacc29b58c0 (12 bytes)
1740941635.243009 sending message 112 to peer 0x5aacc29b58c0 (9 bytes)
1740941635.243039 sending message 112 to peer 0x5aacc29b58c0 (6 bytes)
1740941635.243043 sending message 112 to peer 0x5aacc29b58c0 (13 bytes)
1740941635.243047 sending message 112 to peer 0x5aacc29b58c0 (10 bytes)
1740941635.243051 sending message 112 to peer 0x5aacc29b58c0 (24 bytes)
1740941635.243054 sending message 112 to peer 0x5aacc29b58c0 (13 bytes)
1740941635.243058 sending message 112 to peer 0x5aacc29b58c0 (9 bytes)
1740941635.243062 sending message 112 to peer 0x5aacc29b58c0 (70 bytes)
1740941635.243066 sending message 112 to peer 0x5aacc29b58c0 (69 bytes)
1740941635.243070 sending message 112 to peer 0x5aacc29b58c0 (12 bytes)
1740941635.243074 sending message 112 to peer 0x5aacc29b58c0 (10 bytes)
1740941635.243077 sending message 112 to peer 0x5aacc29b58c0 (10 bytes)
1740941635.243081 sending message 112 to peer 0x5aacc29b58c0 (24 bytes)
1740941635.243086 sending message 112 to peer 0x5aacc29b58c0 (13 bytes)
1740941635.243090 sending message 112 to peer 0x5aacc29b58c0 (10 bytes)
1740941635.243094 sending message 112 to peer 0x5aacc29b58c0 (10 bytes)
1740941635.243098 sending message 112 to peer 0x5aacc29b58c0 (10 bytes)
1740941635.243102 sending message 112 to peer 0x5aacc29b58c0 (13 bytes)
1740941635.243105 sending message 112 to peer 0x5aacc29b58c0 (15 bytes)
1740941635.243109 sending message 112 to peer 0x5aacc29b58c0 (5 bytes)
1740941635.243114 sending message 104 to peer 0x5aacc29b58c0 (0 bytes)
1740941635.243119 sending message 110 to peer 0x5aacc29b58c0 (0 bytes)
1740941635.243124 sending message 107 to peer 0x5aacc29b58c0 (4 bytes)
1740941635.243128 sending message 105 to peer 0x5aacc29b58c0 (22 bytes)
1740941635.243132 sending message 105 to peer 0x5aacc29b58c0 (41 bytes)
1740941635.243137 sending message 105 to peer 0x5aacc29b58c0 (138 bytes)
1740941635.243141 sending message 105 to peer 0x5aacc29b58c0 (86 bytes)
1740941635.243145 sending message 105 to peer 0x5aacc29b58c0 (17 bytes)
1740941635.243150 sending message 105 to peer 0x5aacc29b58c0 (33 bytes)
1740941635.243154 sending message 105 to peer 0x5aacc29b58c0 (18 bytes)
1740941635.243158 sending message 105 to peer 0x5aacc29b58c0 (52 bytes)
1740941635.243162 sending message 105 to peer 0x5aacc29b58c0 (23 bytes)
1740941635.243166 sending message 105 to peer 0x5aacc29b58c0 (15 bytes)
1740941635.243170 sending message 105 to peer 0x5aacc29b58c0 (23 bytes)
1740941635.243173 sending message 105 to peer 0x5aacc29b58c0 (21 bytes)
1740941635.243177 sending message 105 to peer 0x5aacc29b58c0 (54 bytes)
1740941635.243187 sending message 105 to peer 0x5aacc29b58c0 (28 bytes)
1740941635.243191 sending message 105 to peer 0x5aacc29b58c0 (45 bytes)
1740941635.243195 sending message 105 to peer 0x5aacc29b58c0 (13 bytes)
1740941635.243200 sending message 105 to peer 0x5aacc29b58c0 (102 bytes)
1740941635.243203 sending message 105 to peer 0x5aacc29b58c0 (27 bytes)
1740941635.243207 sending message 105 to peer 0x5aacc29b58c0 (35 bytes)
1740941635.243211 sending message 105 to peer 0x5aacc29b58c0 (44 bytes)
1740941635.243215 sending message 105 to peer 0x5aacc29b58c0 (19 bytes)
1740941635.243219 sending message 105 to peer 0x5aacc29b58c0 (47 bytes)
1740941635.243223 sending message 105 to peer 0x5aacc29b58c0 (18 bytes)
1740941635.243227 sending message 105 to peer 0x5aacc29b58c0 (30 bytes)
1740941635.243232 sending message 105 to peer 0x5aacc29b58c0 (391 bytes)
1740941635.243236 sending message 105 to peer 0x5aacc29b58c0 (51 bytes)
1740941635.243240 sending message 105 to peer 0x5aacc29b58c0 (20 bytes)
1740941635.243244 sending message 105 to peer 0x5aacc29b58c0 (19 bytes)
1740941635.243248 sending message 105 to peer 0x5aacc29b58c0 (21 bytes)
1740941635.243251 sending message 105 to peer 0x5aacc29b58c0 (32 bytes)
1740941635.243255 sending message 105 to peer 0x5aacc29b58c0 (31 bytes)
1740941635.243259 sending message 105 to peer 0x5aacc29b58c0 (19 bytes)
1740941635.243263 sending message 105 to peer 0x5aacc29b58c0 (17 bytes)
1740941635.243267 sending message 105 to peer 0x5aacc29b58c0 (140 bytes)
1740941635.243272 sending message 105 to peer 0x5aacc29b58c0 (20 bytes)
1740941635.243276 sending message 105 to peer 0x5aacc29b58c0 (41 bytes)
1740941635.243280 sending message 105 to peer 0x5aacc29b58c0 (42 bytes)
1740941635.243283 sending message 105 to peer 0x5aacc29b58c0 (11 bytes)
1740941635.243287 sending message 105 to peer 0x5aacc29b58c0 (20 bytes)
1740941635.243291 sending message 105 to peer 0x5aacc29b58c0 (18 bytes)
1740941635.243295 sending message 105 to peer 0x5aacc29b58c0 (23 bytes)
1740941635.243299 sending message 105 to peer 0x5aacc29b58c0 (8 bytes)
1740941635.243302 sending message 105 to peer 0x5aacc29b58c0 (23 bytes)
1740941635.243306 sending message 105 to peer 0x5aacc29b58c0 (12 bytes)
1740941635.243310 sending message 105 to peer 0x5aacc29b58c0 (20 bytes)
1740941635.243314 sending message 105 to peer 0x5aacc29b58c0 (31 bytes)
1740941635.243318 sending message 105 to peer 0x5aacc29b58c0 (11 bytes)
1740941635.243321 sending message 105 to peer 0x5aacc29b58c0 (8 bytes)
1740941635.243325 sending message 105 to peer 0x5aacc29b58c0 (32 bytes)
1740941635.243329 sending message 105 to peer 0x5aacc29b58c0 (1817 bytes)
1740941635.243355 sending message 105 to peer 0x5aacc29b58c0 (10 bytes)
1740941635.243359 sending message 105 to peer 0x5aacc29b58c0 (24 bytes)
1740941635.243364 sending message 105 to peer 0x5aacc29b58c0 (16 bytes)
1740941635.243368 sending message 106 to peer 0x5aacc29b58c0 (0 bytes)
1740941635.243458 sending message 200 to peer 0x5aacc29b58c0 (4 bytes)
1740941635.243467 client loop enter
1740941635.257470 peer 0x5aacc29b58c0 message 207
1740941635.257496 sending message 208 to peer 0x5aacc29b58c0 (0 bytes)
1740941643.957576 peer 0x5aacc29b58c0 message 201
1740941643.957624 sending message 205 to peer 0x5aacc29b58c0 (0 bytes)
1740941643.958184 peer 0x5aacc29b58c0 message 204
1740941643.958202 client loop exit
